app/build/intermediates/manifest_merge_blame_file/debug/manifest-merger-blame-debug-report.txt
1<?xml version="1.0" encoding="utf-8"?>
2<manifest xmlns:android="http://schemas.android.com/apk/res/android"
3    package="com.example.myapplication"
4    android:versionCode="1"
5    android:versionName="1.0" >
6
7    <uses-sdk
8        android:minSdkVersion="23"
8-->src\main\AndroidManifest.xml
9        android:targetSdkVersion="30" />
9-->src\main\AndroidManifest.xml
10
11    <application
11-->src\main\AndroidManifest.xml:5:5-32:19
12        android:allowBackup="true"
12-->src\main\AndroidManifest.xml:6:9-35
13        android:appComponentFactory="androidx.core.app.CoreComponentFactory"
13-->[androidx.core:core:1.1.0] AndroidManifest.xml:24:18-86
14        android:debuggable="true"
15        android:extractNativeLibs="false"
16        android:icon="@mipmap/ic_launcher"
16-->src\main\AndroidManifest.xml:7:9-43
17        android:label="@string/app_name"
17-->src\main\AndroidManifest.xml:8:9-41
18        android:roundIcon="@mipmap/ic_launcher_round"
18-->src\main\AndroidManifest.xml:9:9-54
19        android:supportsRtl="true"
19-->src\main\AndroidManifest.xml:10:9-35
20        android:testOnly="true"
21        android:theme="@style/Theme.MyApplication" >
21-->src\main\AndroidManifest.xml:12:9-51
22        <activity android:name="com.example.myapplication.MainActivity" >
22-->src\main\AndroidManifest.xml:13:9-22:20
22-->src\main\AndroidManifest.xml:13:19-47
23            <intent-filter>
23-->src\main\AndroidManifest.xml:16:13-21:29
24                <action
24-->src\main\AndroidManifest.xml:17:17-18:60
25                    android:name="android.intent.action.MAIN"
25-->src\main\AndroidManifest.xml:17:25-66
26                    android:screenOrientation="portrait" />
26-->src\main\AndroidManifest.xml:18:21-57
27
28                <category android:name="android.intent.category.LAUNCHER" />
28-->src\main\AndroidManifest.xml:20:17-77
28-->src\main\AndroidManifest.xml:20:27-74
29            </intent-filter>
30        </activity>
31        <activity
31-->src\main\AndroidManifest.xml:23:9-27:20
32            android:name="com.example.myapplication.DeckSelection"
32-->src\main\AndroidManifest.xml:23:19-48
33            android:screenOrientation="landscape" >
33-->src\main\AndroidManifest.xml:23:49-86
34        </activity>
35        <activity
35-->src\main\AndroidManifest.xml:28:9-31:20
36            android:name="com.example.myapplication.Game"
36-->src\main\AndroidManifest.xml:28:19-39
37            android:screenOrientation="landscape" >
37-->src\main\AndroidManifest.xml:28:40-77
38        </activity>
39    </application>
40
41</manifest>